"../../../Engine/Content/EditorResources/S_Actor.ubulk" 0
"../../../Engine/Content/EditorResources/S_Actor.uasset" 1
"../../../Engine/Content/EditorResources/S_Actor.uexp" 2
"../../../Engine/Content/EditorResources/S_BoxReflectionCapture.uasset" 3
"../../../Engine/Content/EditorResources/S_BoxReflectionCapture.uexp" 4
"../../../Engine/Content/EngineResources/DefaultTexture.ubulk" 5
"../../../Engine/Content/EngineResources/DefaultTexture.uasset" 6
"../../../Engine/Content/EngineResources/DefaultTexture.uexp" 7
"../../../Engine/Content/EngineResources/DefaultTextureCube.uasset" 8
"../../../Engine/Content/EngineResources/DefaultTextureCube.uexp" 9
"../../../Engine/Content/EngineResources/DefaultVolumeTexture2D.uasset" 10
"../../../Engine/Content/EngineResources/DefaultVolumeTexture2D.uexp" 11
"../../../Engine/Content/EngineResources/DefaultVolumeTexture.uasset" 12
"../../../Engine/Content/EngineResources/DefaultVolumeTexture.uexp" 13
"../../../Engine/Content/EditorResources/S_Trigger.ubulk" 14
"../../../Engine/Content/EditorResources/S_Trigger.uasset" 15
"../../../Engine/Content/EditorResources/S_Trigger.uexp" 16
"../../../Engine/Content/EditorResources/S_TriggerBox.uasset" 17
"../../../Engine/Content/EditorResources/S_TriggerBox.uexp" 18
"../../../Engine/Content/EditorResources/S_TriggerCapsule.uasset" 19
"../../../Engine/Content/EditorResources/S_TriggerCapsule.uexp" 20
"../../../Engine/Content/EditorResources/S_TriggerSphere.uasset" 21
"../../../Engine/Content/EditorResources/S_TriggerSphere.uexp" 22
"../../../Engine/Content/EngineMeshes/Sphere.uasset" 23
"../../../Engine/Content/EngineMeshes/Sphere.uexp" 24
"../../../Engine/Content/EngineResources/GradientTexture0.uasset" 25
"../../../Engine/Content/EngineResources/GradientTexture0.uexp" 26
"../../../Engine/Content/EngineResources/Black.uasset" 27
"../../../Engine/Content/EngineResources/Black.uexp" 28
"../../../Engine/Content/VREditor/LaserPointer/VR_LaserPower_01.ubulk" 29
"../../../Engine/Content/VREditor/LaserPointer/VR_LaserPower_01.uasset" 30
"../../../Engine/Content/VREditor/LaserPointer/VR_LaserPower_01.uexp" 31
"../../../Engine/Content/VREditor/TransformGizmo/TransformGizmoMaterial.uasset" 32
"../../../Engine/Content/VREditor/TransformGizmo/TransformGizmoMaterial.uexp" 33
"../../../Engine/Content/VREditor/TransformGizmo/TranslucentTransformGizmoMaterial.uasset" 34
"../../../Engine/Content/VREditor/TransformGizmo/TranslucentTransformGizmoMaterial.uexp" 35
"../../../Engine/Content/VREditor/TransformGizmo/PlaneTranslationHandle.uasset" 36
"../../../Engine/Content/VREditor/TransformGizmo/PlaneTranslationHandle.uexp" 37
"../../../Engine/Content/VREditor/TransformGizmo/BoundingBoxCorner.uasset" 38
"../../../Engine/Content/VREditor/TransformGizmo/BoundingBoxCorner.uexp" 39
"../../../Engine/Content/VREditor/TransformGizmo/BoundingBoxEdge.uasset" 40
"../../../Engine/Content/VREditor/TransformGizmo/BoundingBoxEdge.uexp" 41
"../../../Engine/Content/VREditor/TransformGizmo/Main.uasset" 42
"../../../Engine/Content/VREditor/TransformGizmo/Main.uexp" 43
"../../../Engine/Content/VREditor/TransformGizmo/Xray.uasset" 44
"../../../Engine/Content/VREditor/TransformGizmo/Xray.uexp" 45
"../../../Engine/Content/VREditor/TransformGizmo/SM_Sequencer_Node.uasset" 46
"../../../Engine/Content/VREditor/TransformGizmo/SM_Sequencer_Node.uexp" 47
"../../../Engine/Content/EditorMaterials/Camera/CineMat.uasset" 48
"../../../Engine/Content/EditorMaterials/Camera/CineMat.uexp" 49
"../../../Engine/Content/EditorMaterials/Camera/MI_CineMat_Rig.uasset" 50
"../../../Engine/Content/EditorMaterials/Camera/MI_CineMat_Rig.uexp" 51
"../../../Engine/Content/EditorMeshes/Camera/SM_CraneRig_Base.uasset" 52
"../../../Engine/Content/EditorMeshes/Camera/SM_CraneRig_Base.uexp" 53
"../../../Engine/Content/EditorMeshes/Camera/SM_CraneRig_Arm.uasset" 54
"../../../Engine/Content/EditorMeshes/Camera/SM_CraneRig_Arm.uexp" 55
"../../../Engine/Content/EditorMeshes/Camera/SM_CraneRig_Mount.uasset" 56
"../../../Engine/Content/EditorMeshes/Camera/SM_CraneRig_Mount.uexp" 57
"../../../Engine/Content/EditorMeshes/Camera/SM_CraneRig_Body.uasset" 58
"../../../Engine/Content/EditorMeshes/Camera/SM_CraneRig_Body.uexp" 59
"../../../Engine/Content/EditorMeshes/Camera/SM_RailRig_Track.uasset" 60
"../../../Engine/Content/EditorMeshes/Camera/SM_RailRig_Track.uexp" 61
"../../../Engine/Content/EditorMeshes/Camera/SM_RailRig_Mount.uasset" 62
"../../../Engine/Content/EditorMeshes/Camera/SM_RailRig_Mount.uexp" 63
"../../../Engine/Content/EngineMaterials/T_Default_Material_Grid_M.ubulk" 64
"../../../Engine/Content/EngineMaterials/T_Default_Material_Grid_M.uasset" 65
"../../../Engine/Content/EngineMaterials/T_Default_Material_Grid_M.uexp" 66
"../../../Engine/Content/EngineMaterials/T_Default_Material_Grid_N.ubulk" 67
"../../../Engine/Content/EngineMaterials/T_Default_Material_Grid_N.uasset" 68
"../../../Engine/Content/EngineMaterials/T_Default_Material_Grid_N.uexp" 69
"../../../Engine/Content/Functions/Engine_MaterialFunctions01/Opacity/CameraDepthFade.uasset" 70
"../../../Engine/Content/Functions/Engine_MaterialFunctions01/Opacity/CameraDepthFade.uexp" 71
"../../../Engine/Content/EngineMaterials/WorldGridMaterial.uasset" 72
"../../../Engine/Content/EngineMaterials/WorldGridMaterial.uexp" 73
"../../../Engine/Content/ArtTools/RenderToTexture/Meshes/S_1_Unit_Plane.uasset" 74
"../../../Engine/Content/ArtTools/RenderToTexture/Meshes/S_1_Unit_Plane.uexp" 75
"../../../Engine/Content/EditorMaterials/ParticleSystems/PSysThumbnail_NoImage.ubulk" 76
"../../../Engine/Content/EditorMaterials/ParticleSystems/PSysThumbnail_NoImage.uasset" 77
"../../../Engine/Content/EditorMaterials/ParticleSystems/PSysThumbnail_NoImage.uexp" 78
"../../../Engine/Content/EditorMaterials/ParticleSystems/PSysThumbnail_OOD.ubulk" 79
"../../../Engine/Content/EditorMaterials/ParticleSystems/PSysThumbnail_OOD.uasset" 80
"../../../Engine/Content/EditorMaterials/ParticleSystems/PSysThumbnail_OOD.uexp" 81
"../../../Engine/Content/EditorLandscapeResources/SplineEditorMeshMat.uasset" 82
"../../../Engine/Content/EditorLandscapeResources/SplineEditorMeshMat.uexp" 83
"../../../Engine/Content/EditorLandscapeResources/SplineEditorMesh.uasset" 84
"../../../Engine/Content/EditorLandscapeResources/SplineEditorMesh.uexp" 85
"../../../Engine/Content/EditorResources/S_Solver.ubulk" 86
"../../../Engine/Content/EditorResources/S_Solver.uasset" 87
"../../../Engine/Content/EditorResources/S_Solver.uexp" 88
"../../../Engine/Plugins/Media/MediaPlate/Content/SM_MediaPlateScreen.uasset" 89
"../../../Engine/Plugins/Media/MediaPlate/Content/SM_MediaPlateScreen.uexp" 90
"../../../Engine/Content/EngineMaterials/Good64x64TilingNoiseHighFreq.uasset" 91
"../../../Engine/Content/EngineMaterials/Good64x64TilingNoiseHighFreq.uexp" 92
"../../../Engine/Content/EngineMaterials/DefaultBokeh.uasset" 93
"../../../Engine/Content/EngineMaterials/DefaultBokeh.uexp" 94
"../../../Engine/Content/EngineMaterials/PreintegratedSkinBRDF.uasset" 95
"../../../Engine/Content/EngineMaterials/PreintegratedSkinBRDF.uexp" 96
"../../../Engine/Content/EngineMaterials/MiniFont.uasset" 97
"../../../Engine/Content/EngineMaterials/MiniFont.uexp" 98
"../../../Engine/Content/EngineMaterials/WeightMapPlaceholderTexture.uasset" 99
"../../../Engine/Content/EngineMaterials/WeightMapPlaceholderTexture.uexp" 100
"../../../Engine/Content/EngineMaterials/DefaultWhiteGrid.ubulk" 101
"../../../Engine/Content/EngineMaterials/DefaultWhiteGrid.uasset" 102
"../../../Engine/Content/EngineMaterials/DefaultWhiteGrid.uexp" 103
"../../../Engine/Plugins/2D/Paper2D/Content/PlaceholderTextures/DummySpriteTexture.ubulk" 104
"../../../Engine/Plugins/2D/Paper2D/Content/PlaceholderTextures/DummySpriteTexture.uasset" 105
"../../../Engine/Plugins/2D/Paper2D/Content/PlaceholderTextures/DummySpriteTexture.uexp" 106
"../../../Engine/Plugins/2D/Paper2D/Content/DefaultSpriteMaterial.uasset" 107
"../../../Engine/Plugins/2D/Paper2D/Content/DefaultSpriteMaterial.uexp" 108
"../../../Engine/Plugins/2D/Paper2D/Content/OpaqueUnlitSpriteMaterial.uasset" 109
"../../../Engine/Plugins/2D/Paper2D/Content/OpaqueUnlitSpriteMaterial.uexp" 110
"../../../Engine/Plugins/2D/Paper2D/Content/MaskedUnlitSpriteMaterial.uasset" 111
"../../../Engine/Plugins/2D/Paper2D/Content/MaskedUnlitSpriteMaterial.uexp" 112
"../../../Engine/Plugins/2D/Paper2D/Content/DummySprite.uasset" 113
"../../../Engine/Plugins/2D/Paper2D/Content/DummySprite.uexp" 114
"../../../Engine/Plugins/2D/Paper2D/Content/DefaultPaperTerrainMaterial.uasset" 115
"../../../Engine/Plugins/2D/Paper2D/Content/DefaultPaperTerrainMaterial.uexp" 116
"C:/Users/hahaha/Desktop/shubhrik/Satellite_UE/Satellite/Content/Zenit-2Rocket_1OBJ.uasset" 117
"C:/Users/hahaha/Desktop/shubhrik/Satellite_UE/Satellite/Content/Zenit-2Rocket_1OBJ.uexp" 118
"C:/Users/hahaha/Desktop/shubhrik/Satellite_UE/Satellite/Content/TetherNet_Plane_Skeleton.uasset" 119
"C:/Users/hahaha/Desktop/shubhrik/Satellite_UE/Satellite/Content/TetherNet_Plane_Skeleton.uexp" 120
"../../../Engine/Content/Functions/Engine_MaterialFunctions02/WorldPositionOffset/CameraOffset.uasset" 121
"../../../Engine/Content/Functions/Engine_MaterialFunctions02/WorldPositionOffset/CameraOffset.uexp" 122
"../../../Engine/Plugins/Animation/ControlRig/Content/M_Manip.uasset" 123
"../../../Engine/Plugins/Animation/ControlRig/Content/M_Manip.uexp" 124
"../../../Engine/Content/Animation/DefaultRecorderBoneCompression.uasset" 125
"../../../Engine/Content/Animation/DefaultRecorderBoneCompression.uexp" 126
"../../../Engine/Content/Animation/DefaultAnimCurveCompressionSettings.uasset" 127
"../../../Engine/Content/Animation/DefaultAnimCurveCompressionSettings.uexp" 128
"../../../Engine/Content/Animation/DefaultAnimBoneCompressionSettings.uasset" 129
"../../../Engine/Content/Animation/DefaultAnimBoneCompressionSettings.uexp" 130
"../../../Engine/Content/EngineResources/WhiteSquareTexture.uasset" 131
"../../../Engine/Content/EngineResources/WhiteSquareTexture.uexp" 132
"../../../Engine/Content/EngineMaterials/Widget3DPassThrough.uasset" 133
"../../../Engine/Content/EngineMaterials/Widget3DPassThrough.uexp" 134
"../../../Engine/Content/EngineMaterials/Widget3DPassThrough_Translucent.uasset" 135
"../../../Engine/Content/EngineMaterials/Widget3DPassThrough_Translucent.uexp" 136
"../../../Engine/Content/EngineMaterials/Widget3DPassThrough_Translucent_OneSided.uasset" 137
"../../../Engine/Content/EngineMaterials/Widget3DPassThrough_Translucent_OneSided.uexp" 138
"../../../Engine/Content/EngineMaterials/Widget3DPassThrough_Opaque.uasset" 139
"../../../Engine/Content/EngineMaterials/Widget3DPassThrough_Opaque.uexp" 140
"../../../Engine/Content/EngineMaterials/Widget3DPassThrough_Opaque_OneSided.uasset" 141
"../../../Engine/Content/EngineMaterials/Widget3DPassThrough_Opaque_OneSided.uexp" 142
"../../../Engine/Content/EngineMaterials/Widget3DPassThrough_Masked_OneSided.uasset" 143
"../../../Engine/Content/EngineMaterials/Widget3DPassThrough_Masked_OneSided.uexp" 144
"../../../Engine/Content/EngineMaterials/Widget3DPassThrough_Masked.uasset" 145
"../../../Engine/Content/EngineMaterials/Widget3DPassThrough_Masked.uexp" 146
"C:/Users/hahaha/Desktop/shubhrik/Satellite_UE/Satellite/Content/RaP_Satellite/RaP_Satellite_game.uasset" 147
"C:/Users/hahaha/Desktop/shubhrik/Satellite_UE/Satellite/Content/RaP_Satellite/RaP_Satellite_game.uexp" 148
"C:/Users/hahaha/Desktop/shubhrik/Satellite_UE/Satellite/Content/Blueprints/TargetVolumne.uasset" 149
"C:/Users/hahaha/Desktop/shubhrik/Satellite_UE/Satellite/Content/Blueprints/TargetVolumne.uexp" 150
"C:/Users/hahaha/Desktop/shubhrik/Satellite_UE/Satellite/Content/RaP_Satellite/Materials/Metal-1.uasset" 151
"C:/Users/hahaha/Desktop/shubhrik/Satellite_UE/Satellite/Content/RaP_Satellite/Materials/Metal-1.uexp" 152
"C:/Users/hahaha/Desktop/shubhrik/Satellite_UE/Satellite/Content/RaP_Satellite/Materials/Metal_2.uasset" 153
"C:/Users/hahaha/Desktop/shubhrik/Satellite_UE/Satellite/Content/RaP_Satellite/Materials/Metal_2.uexp" 154
"C:/Users/hahaha/Desktop/shubhrik/Satellite_UE/Satellite/Content/RaP_Satellite/Materials/MetalAircraft0068_350.uasset" 155
"C:/Users/hahaha/Desktop/shubhrik/Satellite_UE/Satellite/Content/RaP_Satellite/Materials/MetalAircraft0068_350.uexp" 156
"C:/Users/hahaha/Desktop/shubhrik/Satellite_UE/Satellite/Content/RaP_Satellite/Materials/Panel_4.uasset" 157
"C:/Users/hahaha/Desktop/shubhrik/Satellite_UE/Satellite/Content/RaP_Satellite/Materials/Panel_4.uexp" 158
"C:/Users/hahaha/Desktop/shubhrik/Satellite_UE/Satellite/Content/RaP_Satellite/Materials/TargetMaterial.uasset" 159
"C:/Users/hahaha/Desktop/shubhrik/Satellite_UE/Satellite/Content/RaP_Satellite/Materials/TargetMaterial.uexp" 160
"C:/Users/hahaha/Desktop/shubhrik/Satellite_UE/Satellite/Content/Zenit-2Rocket_2.uasset" 161
"C:/Users/hahaha/Desktop/shubhrik/Satellite_UE/Satellite/Content/Zenit-2Rocket_2.uexp" 162
"C:/Users/hahaha/Desktop/shubhrik/Satellite_UE/Satellite/Content/Blueprints/BPA_Zenit-2Rocket.uasset" 163
"C:/Users/hahaha/Desktop/shubhrik/Satellite_UE/Satellite/Content/Blueprints/BPA_Zenit-2Rocket.uexp" 164
"../../../Engine/Content/EngineMaterials/DefaultMaterial.uasset" 165
"../../../Engine/Content/EngineMaterials/DefaultMaterial.uexp" 166
"../../../Engine/Content/EngineMeshes/Cube.uasset" 167
"../../../Engine/Content/EngineMeshes/Cube.uexp" 168
"C:/Users/hahaha/Desktop/shubhrik/Satellite_UE/Satellite/Content/Render_Cam1/NewTextureRenderTarget2D.uasset" 169
"C:/Users/hahaha/Desktop/shubhrik/Satellite_UE/Satellite/Content/Render_Cam1/NewTextureRenderTarget2D.uexp" 170
"C:/Users/hahaha/Desktop/shubhrik/Satellite_UE/Satellite/Content/TetherNet_Plane_PhysicsAsset.uasset" 171
"C:/Users/hahaha/Desktop/shubhrik/Satellite_UE/Satellite/Content/TetherNet_Plane_PhysicsAsset.uexp" 172
"C:/Users/hahaha/Desktop/shubhrik/Satellite_UE/Satellite/Content/TetherNet_BezierCurve_029_PhysicsAsset.uasset" 173
"C:/Users/hahaha/Desktop/shubhrik/Satellite_UE/Satellite/Content/TetherNet_BezierCurve_029_PhysicsAsset.uexp" 174
"C:/Users/hahaha/Desktop/shubhrik/Satellite_UE/Satellite/Content/TetherNet_BezierCurve_029_Skeleton.uasset" 175
"C:/Users/hahaha/Desktop/shubhrik/Satellite_UE/Satellite/Content/TetherNet_BezierCurve_029_Skeleton.uexp" 176
"C:/Users/hahaha/Desktop/shubhrik/Satellite_UE/Satellite/Content/TetherNet.uasset" 177
"C:/Users/hahaha/Desktop/shubhrik/Satellite_UE/Satellite/Content/TetherNet.uexp" 178
"../../../Engine/Content/BufferVisualization/Metallic.uasset" 179
"../../../Engine/Content/BufferVisualization/Metallic.uexp" 180
"../../../Engine/Content/EditorBlueprintResources/StandardMacros.uasset" 181
"../../../Engine/Content/EditorBlueprintResources/StandardMacros.uexp" 182
"C:/Users/hahaha/Desktop/shubhrik/Satellite_UE/Satellite/Content/Blueprints/BP_NetSystem.uasset" 183
"C:/Users/hahaha/Desktop/shubhrik/Satellite_UE/Satellite/Content/Blueprints/BP_NetSystem.uexp" 184
"../../../Engine/Plugins/Runtime/MeshModelingToolset/Content/Materials/M_DynamicMeshComponentVtxColor.uasset" 185
"../../../Engine/Plugins/Runtime/MeshModelingToolset/Content/Materials/M_DynamicMeshComponentVtxColor.uexp" 186
"../../../Engine/Plugins/Interchange/Runtime/Content/Pipelines/DefaultTexturePipeline.uasset" 187
"../../../Engine/Plugins/Interchange/Runtime/Content/Pipelines/DefaultTexturePipeline.uexp" 188
"../../../Engine/Plugins/Interchange/Runtime/Content/Pipelines/DefaultSceneLevelPipeline.uasset" 189
"../../../Engine/Plugins/Interchange/Runtime/Content/Pipelines/DefaultSceneLevelPipeline.uexp" 190
"../../../Engine/Plugins/Interchange/Runtime/Content/Pipelines/DefaultSceneAssetsPipeline.uasset" 191
"../../../Engine/Plugins/Interchange/Runtime/Content/Pipelines/DefaultSceneAssetsPipeline.uexp" 192
"../../../Engine/Plugins/Interchange/Runtime/Content/Pipelines/DefaultMaterialPipeline.uasset" 193
"../../../Engine/Plugins/Interchange/Runtime/Content/Pipelines/DefaultMaterialPipeline.uexp" 194
"../../../Engine/Plugins/Interchange/Runtime/Content/Pipelines/DefaultAssetsPipeline.uasset" 195
"../../../Engine/Plugins/Interchange/Runtime/Content/Pipelines/DefaultAssetsPipeline.uexp" 196
"../../../Engine/Plugins/Editor/SpeedTreeImporter/Content/SpeedTree9/game_wind_noise.ubulk" 197
"../../../Engine/Plugins/Editor/SpeedTreeImporter/Content/SpeedTree9/game_wind_noise.uasset" 198
"../../../Engine/Plugins/Editor/SpeedTreeImporter/Content/SpeedTree9/game_wind_noise.uexp" 199
"../../../Engine/Plugins/Editor/SpeedTreeImporter/Content/SpeedTree9/UnpackDirection.uasset" 200
"../../../Engine/Plugins/Editor/SpeedTreeImporter/Content/SpeedTree9/UnpackDirection.uexp" 201
"../../../Engine/Content/Functions/Engine_MaterialFunctions02/ObjectLocalBounds.uasset" 202
"../../../Engine/Content/Functions/Engine_MaterialFunctions02/ObjectLocalBounds.uexp" 203
"../../../Engine/Content/Functions/Engine_MaterialFunctions02/Utility/BreakOutFloat3Components.uasset" 204
"../../../Engine/Content/Functions/Engine_MaterialFunctions02/Utility/BreakOutFloat3Components.uexp" 205
"../../../Engine/Content/Functions/Engine_MaterialFunctions02/UVs/BoundingBoxBased_0-1_UVW.uasset" 206
"../../../Engine/Content/Functions/Engine_MaterialFunctions02/UVs/BoundingBoxBased_0-1_UVW.uexp" 207
"../../../Engine/Content/Functions/Engine_MaterialFunctions02/Utility/VectorLength.uasset" 208
"../../../Engine/Content/Functions/Engine_MaterialFunctions02/Utility/VectorLength.uexp" 209
"../../../Engine/Plugins/Editor/SpeedTreeImporter/Content/SpeedTree9/UnpackInteger3.uasset" 210
"../../../Engine/Plugins/Editor/SpeedTreeImporter/Content/SpeedTree9/UnpackInteger3.uexp" 211
"../../../Engine/Plugins/Editor/SpeedTreeImporter/Content/SpeedTree9/SpeedTreeCameraFacing.uasset" 212
"../../../Engine/Plugins/Editor/SpeedTreeImporter/Content/SpeedTree9/SpeedTreeCameraFacing.uexp" 213
"../../../Engine/Content/Functions/Engine_MaterialFunctions02/WorldPositionOffset/ObjectScale.uasset" 214
"../../../Engine/Content/Functions/Engine_MaterialFunctions02/WorldPositionOffset/ObjectScale.uexp" 215
"../../../Engine/Content/Functions/Engine_MaterialFunctions02/SafeNormalize.uasset" 216
"../../../Engine/Content/Functions/Engine_MaterialFunctions02/SafeNormalize.uexp" 217
"../../../Engine/Plugins/Editor/SpeedTreeImporter/Content/SpeedTree9/SpeedTreeWindMotion.uasset" 218
"../../../Engine/Plugins/Editor/SpeedTreeImporter/Content/SpeedTree9/SpeedTreeWindMotion.uexp" 219
"../../../Engine/Plugins/Editor/SpeedTreeImporter/Content/SpeedTree9/SpeedTreeBranchMotion.uasset" 220
"../../../Engine/Plugins/Editor/SpeedTreeImporter/Content/SpeedTree9/SpeedTreeBranchMotion.uexp" 221
"../../../Engine/Plugins/Editor/SpeedTreeImporter/Content/SpeedTree9/SpeedTreeWind.uasset" 222
"../../../Engine/Plugins/Editor/SpeedTreeImporter/Content/SpeedTree9/SpeedTreeWind.uexp" 223
"../../../Engine/Plugins/Editor/SpeedTreeImporter/Content/SpeedTree9/EmptyNormal.uasset" 224
"../../../Engine/Plugins/Editor/SpeedTreeImporter/Content/SpeedTree9/EmptyNormal.uexp" 225
"../../../Engine/Plugins/Editor/SpeedTreeImporter/Content/SpeedTree9/Empty.uasset" 226
"../../../Engine/Plugins/Editor/SpeedTreeImporter/Content/SpeedTree9/Empty.uexp" 227
"../../../Engine/Plugins/Editor/SpeedTreeImporter/Content/SpeedTree9/SpeedTreeMaster.uasset" 228
"../../../Engine/Plugins/Editor/SpeedTreeImporter/Content/SpeedTree9/SpeedTreeMaster.uexp" 229
"../../../Engine/Plugins/Editor/SpeedTreeImporter/Content/SpeedTree9/SpeedTreeBillboard.uasset" 230
"../../../Engine/Plugins/Editor/SpeedTreeImporter/Content/SpeedTree9/SpeedTreeBillboard.uexp" 231
"../../../Engine/Plugins/Editor/SpeedTreeImporter/Content/SpeedTree9/SpeedTreeBillboardMaster.uasset" 232
"../../../Engine/Plugins/Editor/SpeedTreeImporter/Content/SpeedTree9/SpeedTreeBillboardMaster.uexp" 233
"../../../Engine/Plugins/Animation/ControlRig/Content/Controls/DefaultGizmoLibraryNormalized.uasset" 234
"../../../Engine/Plugins/Animation/ControlRig/Content/Controls/DefaultGizmoLibraryNormalized.uexp" 235
"../../../Engine/Plugins/Animation/ControlRig/Content/Controls/ControlRig_Wedge_solid.uasset" 236
"../../../Engine/Plugins/Animation/ControlRig/Content/Controls/ControlRig_Wedge_solid.uexp" 237
"../../../Engine/Plugins/Animation/ControlRig/Content/Controls/ControlRig_Wedge_3mm.uasset" 238
"../../../Engine/Plugins/Animation/ControlRig/Content/Controls/ControlRig_Wedge_3mm.uexp" 239
"../../../Engine/Plugins/Animation/ControlRig/Content/Controls/ControlRig_Wedge_1mm.uasset" 240
"../../../Engine/Plugins/Animation/ControlRig/Content/Controls/ControlRig_Wedge_1mm.uexp" 241
"../../../Engine/Plugins/Animation/ControlRig/Content/Controls/ControlRig_Triangle_solid.uasset" 242
"../../../Engine/Plugins/Animation/ControlRig/Content/Controls/ControlRig_Triangle_solid.uexp" 243
"../../../Engine/Plugins/Animation/ControlRig/Content/Controls/ControlRig_Triangle_3mm.uasset" 244
"../../../Engine/Plugins/Animation/ControlRig/Content/Controls/ControlRig_Triangle_3mm.uexp" 245
"../../../Engine/Plugins/Animation/ControlRig/Content/Controls/ControlRig_Triangle_1mm.uasset" 246
"../../../Engine/Plugins/Animation/ControlRig/Content/Controls/ControlRig_Triangle_1mm.uexp" 247
"../../../Engine/Plugins/Animation/ControlRig/Content/Controls/ControlRig_Star4_solid.uasset" 248
"../../../Engine/Plugins/Animation/ControlRig/Content/Controls/ControlRig_Star4_solid.uexp" 249
"../../../Engine/Plugins/Animation/ControlRig/Content/Controls/ControlRig_Star4_3mm.uasset" 250
"../../../Engine/Plugins/Animation/ControlRig/Content/Controls/ControlRig_Star4_3mm.uexp" 251
"../../../Engine/Plugins/Animation/ControlRig/Content/Controls/ControlRig_Star4_1mm.uasset" 252
"../../../Engine/Plugins/Animation/ControlRig/Content/Controls/ControlRig_Star4_1mm.uexp" 253
"../../../Engine/Plugins/Animation/ControlRig/Content/Controls/ControlRig_Square_solid.uasset" 254
"../../../Engine/Plugins/Animation/ControlRig/Content/Controls/ControlRig_Square_solid.uexp" 255
"../../../Engine/Plugins/Animation/ControlRig/Content/Controls/ControlRig_Square_3mm.uasset" 256
"../../../Engine/Plugins/Animation/ControlRig/Content/Controls/ControlRig_Square_3mm.uexp" 257
"../../../Engine/Plugins/Animation/ControlRig/Content/Controls/ControlRig_Square_1mm.uasset" 258
"../../../Engine/Plugins/Animation/ControlRig/Content/Controls/ControlRig_Square_1mm.uexp" 259
"../../../Engine/Plugins/Animation/ControlRig/Content/Controls/ControlRig_Sphere_solid.uasset" 260
"../../../Engine/Plugins/Animation/ControlRig/Content/Controls/ControlRig_Sphere_solid.uexp" 261
"../../../Engine/Plugins/Animation/ControlRig/Content/Controls/ControlRig_Sphere_3mm.uasset" 262
"../../../Engine/Plugins/Animation/ControlRig/Content/Controls/ControlRig_Sphere_3mm.uexp" 263
"../../../Engine/Plugins/Animation/ControlRig/Content/Controls/ControlRig_Sphere_1mm.uasset" 264
"../../../Engine/Plugins/Animation/ControlRig/Content/Controls/ControlRig_Sphere_1mm.uexp" 265
"../../../Engine/Plugins/Animation/ControlRig/Content/Controls/ControlRig_RoundedTriangle_solid.uasset" 266
"../../../Engine/Plugins/Animation/ControlRig/Content/Controls/ControlRig_RoundedTriangle_solid.uexp" 267
"../../../Engine/Plugins/Animation/ControlRig/Content/Controls/ControlRig_RoundedTriangle_3mm.uasset" 268
"../../../Engine/Plugins/Animation/ControlRig/Content/Controls/ControlRig_RoundedTriangle_3mm.uexp" 269
"../../../Engine/Plugins/Animation/ControlRig/Content/Controls/ControlRig_RoundedTriangle_1mm.uasset" 270
"../../../Engine/Plugins/Animation/ControlRig/Content/Controls/ControlRig_RoundedTriangle_1mm.uexp" 271
"../../../Engine/Plugins/Animation/ControlRig/Content/Controls/ControlRig_RoundedSquare_solid.uasset" 272
"../../../Engine/Plugins/Animation/ControlRig/Content/Controls/ControlRig_RoundedSquare_solid.uexp" 273
"../../../Engine/Plugins/Animation/ControlRig/Content/Controls/ControlRig_RoundedSquare_3mm.uasset" 274
"../../../Engine/Plugins/Animation/ControlRig/Content/Controls/ControlRig_RoundedSquare_3mm.uexp" 275
"../../../Engine/Plugins/Animation/ControlRig/Content/Controls/ControlRig_RoundedSquare_1mm.uasset" 276
"../../../Engine/Plugins/Animation/ControlRig/Content/Controls/ControlRig_RoundedSquare_1mm.uexp" 277
"../../../Engine/Plugins/Animation/ControlRig/Content/Controls/ControlRig_QuarterCircle_solid.uasset" 278
"../../../Engine/Plugins/Animation/ControlRig/Content/Controls/ControlRig_QuarterCircle_solid.uexp" 279
"../../../Engine/Plugins/Animation/ControlRig/Content/Controls/ControlRig_QuarterCircle_3mm.uasset" 280
"../../../Engine/Plugins/Animation/ControlRig/Content/Controls/ControlRig_QuarterCircle_3mm.uexp" 281
"../../../Engine/Plugins/Animation/ControlRig/Content/Controls/ControlRig_QuarterCircle_1mm.uasset" 282
"../../../Engine/Plugins/Animation/ControlRig/Content/Controls/ControlRig_QuarterCircle_1mm.uexp" 283
"../../../Engine/Plugins/Animation/ControlRig/Content/Controls/ControlRig_Pyramid_solid.uasset" 284
"../../../Engine/Plugins/Animation/ControlRig/Content/Controls/ControlRig_Pyramid_solid.uexp" 285
"../../../Engine/Plugins/Animation/ControlRig/Content/Controls/ControlRig_Pyramid_3mm.uasset" 286
"../../../Engine/Plugins/Animation/ControlRig/Content/Controls/ControlRig_Pyramid_3mm.uexp" 287
"../../../Engine/Plugins/Animation/ControlRig/Content/Controls/ControlRig_Pyramid_1mm.uasset" 288
"../../../Engine/Plugins/Animation/ControlRig/Content/Controls/ControlRig_Pyramid_1mm.uexp" 289
"../../../Engine/Plugins/Animation/ControlRig/Content/Controls/ControlRig_Octagon_solid.uasset" 290
"../../../Engine/Plugins/Animation/ControlRig/Content/Controls/ControlRig_Octagon_solid.uexp" 291
"../../../Engine/Plugins/Animation/ControlRig/Content/Controls/ControlRig_Octagon_3mm.uasset" 292
"../../../Engine/Plugins/Animation/ControlRig/Content/Controls/ControlRig_Octagon_3mm.uexp" 293
"../../../Engine/Plugins/Animation/ControlRig/Content/Controls/ControlRig_Octagon_1mm.uasset" 294
"../../../Engine/Plugins/Animation/ControlRig/Content/Controls/ControlRig_Octagon_1mm.uexp" 295
"../../../Engine/Plugins/Animation/ControlRig/Content/Controls/ControlRig_Hexagon_solid.uasset" 296
"../../../Engine/Plugins/Animation/ControlRig/Content/Controls/ControlRig_Hexagon_solid.uexp" 297
"../../../Engine/Plugins/Animation/ControlRig/Content/Controls/ControlRig_Hexagon_3mm.uasset" 298
"../../../Engine/Plugins/Animation/ControlRig/Content/Controls/ControlRig_Hexagon_3mm.uexp" 299
"../../../Engine/Plugins/Animation/ControlRig/Content/Controls/ControlRig_Hexagon_1mm.uasset" 300
"../../../Engine/Plugins/Animation/ControlRig/Content/Controls/ControlRig_Hexagon_1mm.uexp" 301
"../../../Engine/Plugins/Animation/ControlRig/Content/Controls/ControlRig_HalfCircle_solid.uasset" 302
"../../../Engine/Plugins/Animation/ControlRig/Content/Controls/ControlRig_HalfCircle_solid.uexp" 303
"../../../Engine/Plugins/Animation/ControlRig/Content/Controls/ControlRig_HalfCircle_3mm.uasset" 304
"../../../Engine/Plugins/Animation/ControlRig/Content/Controls/ControlRig_HalfCircle_3mm.uexp" 305
"../../../Engine/Plugins/Animation/ControlRig/Content/Controls/ControlRig_HalfCircle_1mm.uasset" 306
"../../../Engine/Plugins/Animation/ControlRig/Content/Controls/ControlRig_HalfCircle_1mm.uexp" 307
"../../../Engine/Plugins/Animation/ControlRig/Content/Controls/ControlRig_Diamond_solid.uasset" 308
"../../../Engine/Plugins/Animation/ControlRig/Content/Controls/ControlRig_Diamond_solid.uexp" 309
"../../../Engine/Plugins/Animation/ControlRig/Content/Controls/ControlRig_Diamond_3mm.uasset" 310
"../../../Engine/Plugins/Animation/ControlRig/Content/Controls/ControlRig_Diamond_3mm.uexp" 311
"../../../Engine/Plugins/Animation/ControlRig/Content/Controls/ControlRig_Diamond_1mm.uasset" 312
"../../../Engine/Plugins/Animation/ControlRig/Content/Controls/ControlRig_Diamond_1mm.uexp" 313
"../../../Engine/Plugins/Animation/ControlRig/Content/Controls/ControlRig_Circle_solid.uasset" 314
"../../../Engine/Plugins/Animation/ControlRig/Content/Controls/ControlRig_Circle_solid.uexp" 315
"../../../Engine/Plugins/Animation/ControlRig/Content/Controls/ControlRig_Circle_3mm.uasset" 316
"../../../Engine/Plugins/Animation/ControlRig/Content/Controls/ControlRig_Circle_3mm.uexp" 317
"../../../Engine/Plugins/Animation/ControlRig/Content/Controls/ControlRig_Circle_1mm.uasset" 318
"../../../Engine/Plugins/Animation/ControlRig/Content/Controls/ControlRig_Circle_1mm.uexp" 319
"../../../Engine/Plugins/Animation/ControlRig/Content/Controls/ControlRig_Box_solid.uasset" 320
"../../../Engine/Plugins/Animation/ControlRig/Content/Controls/ControlRig_Box_solid.uexp" 321
"../../../Engine/Plugins/Animation/ControlRig/Content/Controls/ControlRig_Box_3mm.uasset" 322
"../../../Engine/Plugins/Animation/ControlRig/Content/Controls/ControlRig_Box_3mm.uexp" 323
"../../../Engine/Plugins/Animation/ControlRig/Content/Controls/ControlRig_Box_1mm.uasset" 324
"../../../Engine/Plugins/Animation/ControlRig/Content/Controls/ControlRig_Box_1mm.uexp" 325
"../../../Engine/Plugins/Animation/ControlRig/Content/Controls/ControlRig_Arrow_solid.uasset" 326
"../../../Engine/Plugins/Animation/ControlRig/Content/Controls/ControlRig_Arrow_solid.uexp" 327
"../../../Engine/Plugins/Animation/ControlRig/Content/Controls/ControlRig_Arrow_3mm.uasset" 328
"../../../Engine/Plugins/Animation/ControlRig/Content/Controls/ControlRig_Arrow_3mm.uexp" 329
"../../../Engine/Plugins/Animation/ControlRig/Content/Controls/ControlRig_Arrow_1mm.uasset" 330
"../../../Engine/Plugins/Animation/ControlRig/Content/Controls/ControlRig_Arrow_1mm.uexp" 331
"../../../Engine/Plugins/Animation/ControlRig/Content/Controls/ControlRig_Arrow4_solid.uasset" 332
"../../../Engine/Plugins/Animation/ControlRig/Content/Controls/ControlRig_Arrow4_solid.uexp" 333
"../../../Engine/Plugins/Animation/ControlRig/Content/Controls/ControlRig_Arrow4_3mm.uasset" 334
"../../../Engine/Plugins/Animation/ControlRig/Content/Controls/ControlRig_Arrow4_3mm.uexp" 335
"../../../Engine/Plugins/Animation/ControlRig/Content/Controls/ControlRig_Arrow4_1mm.uasset" 336
"../../../Engine/Plugins/Animation/ControlRig/Content/Controls/ControlRig_Arrow4_1mm.uexp" 337
"../../../Engine/Plugins/Animation/ControlRig/Content/Controls/ControlRig_Arrow2_solid.uasset" 338
"../../../Engine/Plugins/Animation/ControlRig/Content/Controls/ControlRig_Arrow2_solid.uexp" 339
"../../../Engine/Plugins/Animation/ControlRig/Content/Controls/ControlRig_Arrow2_3mm.uasset" 340
"../../../Engine/Plugins/Animation/ControlRig/Content/Controls/ControlRig_Arrow2_3mm.uexp" 341
"../../../Engine/Plugins/Animation/ControlRig/Content/Controls/ControlRig_Arrow2_1mm.uasset" 342
"../../../Engine/Plugins/Animation/ControlRig/Content/Controls/ControlRig_Arrow2_1mm.uexp" 343
"../../../Engine/Plugins/Animation/ControlRig/Content/Controls/ControlRigXRayMaterial.uasset" 344
"../../../Engine/Plugins/Animation/ControlRig/Content/Controls/ControlRigXRayMaterial.uexp" 345
"../../../Engine/Plugins/Animation/ControlRig/Content/Controls/ControlRigGizmoMaterial.uasset" 346
"../../../Engine/Plugins/Animation/ControlRig/Content/Controls/ControlRigGizmoMaterial.uexp" 347
"../../../Engine/Content/EngineSounds/Master.uasset" 348
"../../../Engine/Content/EngineSounds/Master.uexp" 349
"../../../Engine/Content/EngineMaterials/STBlueNoise_vec2_128x128x64.uasset" 350
"../../../Engine/Content/EngineMaterials/STBlueNoise_vec2_128x128x64.uexp" 351
"../../../Engine/Content/EngineMaterials/STBlueNoise_scalar_128x128x64.uasset" 352
"../../../Engine/Content/EngineMaterials/STBlueNoise_scalar_128x128x64.uexp" 353
"../../../Engine/Content/EngineMaterials/RemoveSurfaceMaterial.uasset" 354
"../../../Engine/Content/EngineMaterials/RemoveSurfaceMaterial.uexp" 355
"../../../Engine/Content/EngineMaterials/DefaultCalibrationGrayscale.uasset" 356
"../../../Engine/Content/EngineMaterials/DefaultCalibrationGrayscale.uexp" 357
"../../../Engine/Content/EngineMaterials/PPM_DefaultCalibrationGrayscale.uasset" 358
"../../../Engine/Content/EngineMaterials/PPM_DefaultCalibrationGrayscale.uexp" 359
"../../../Engine/Content/EngineMaterials/DefaultCalibrationColor.uasset" 360
"../../../Engine/Content/EngineMaterials/DefaultCalibrationColor.uexp" 361
"../../../Engine/Content/EngineMaterials/PPM_DefaultCalibrationColor.uasset" 362
"../../../Engine/Content/EngineMaterials/PPM_DefaultCalibrationColor.uexp" 363
"../../../Engine/Content/EngineMaterials/PhAT_JointLimitMaterial.uasset" 364
"../../../Engine/Content/EngineMaterials/PhAT_JointLimitMaterial.uexp" 365
"../../../Engine/Content/EngineMaterials/NaniteHiddenSectionMaterial.uasset" 366
"../../../Engine/Content/EngineMaterials/NaniteHiddenSectionMaterial.uexp" 367
"../../../Engine/Content/EngineMaterials/InvalidLightmapSettings.ubulk" 368
"../../../Engine/Content/EngineMaterials/InvalidLightmapSettings.uasset" 369
"../../../Engine/Content/EngineMaterials/InvalidLightmapSettings.uexp" 370
"../../../Engine/Content/EngineMaterials/M_InvalidLightmapSettings.uasset" 371
"../../../Engine/Content/EngineMaterials/M_InvalidLightmapSettings.uexp" 372
"../../../Engine/Content/EngineMaterials/GizmoMaterial.uasset" 373
"../../../Engine/Content/EngineMaterials/GizmoMaterial.uexp" 374
"../../../Engine/Content/EngineMaterials/BaseFlattenEmissiveMap_VT.uasset" 375
"../../../Engine/Content/EngineMaterials/BaseFlattenEmissiveMap_VT.uexp" 376
"../../../Engine/Content/EngineMaterials/BaseFlattenGrayscaleMap_VT.uasset" 377
"../../../Engine/Content/EngineMaterials/BaseFlattenGrayscaleMap_VT.uexp" 378
"../../../Engine/Content/EngineMaterials/BaseFlattenLinearColor_VT.uasset" 379
"../../../Engine/Content/EngineMaterials/BaseFlattenLinearColor_VT.uexp" 380
"../../../Engine/Content/EngineMaterials/Black_1x1_EXR_Texture_VT.uasset" 381
"../../../Engine/Content/EngineMaterials/Black_1x1_EXR_Texture_VT.uexp" 382
"../../../Engine/Content/EngineMaterials/BaseFlattenDiffuseMap_VT.uasset" 383
"../../../Engine/Content/EngineMaterials/BaseFlattenDiffuseMap_VT.uexp" 384
"../../../Engine/Content/EngineMaterials/BaseFlattenNormalMap_VT.uasset" 385
"../../../Engine/Content/EngineMaterials/BaseFlattenNormalMap_VT.uexp" 386
"../../../Engine/Content/EngineMaterials/FlattenMaterial_WS_Normal_VT.uasset" 387
"../../../Engine/Content/EngineMaterials/FlattenMaterial_WS_Normal_VT.uexp" 388
"../../../Engine/Content/EngineMaterials/FlattenMaterial_VT.uasset" 389
"../../../Engine/Content/EngineMaterials/FlattenMaterial_VT.uexp" 390
"../../../Engine/Content/EngineMaterials/BaseFlattenNormalMap.uasset" 391
"../../../Engine/Content/EngineMaterials/BaseFlattenNormalMap.uexp" 392
"../../../Engine/Content/EngineMaterials/BaseFlattenGrayscaleMap.uasset" 393
"../../../Engine/Content/EngineMaterials/BaseFlattenGrayscaleMap.uexp" 394
"../../../Engine/Content/EngineMaterials/BaseFlattenDiffuseMap.uasset" 395
"../../../Engine/Content/EngineMaterials/BaseFlattenDiffuseMap.uexp" 396
"../../../Engine/Content/Functions/Engine_MaterialFunctions02/PivotPainter2/Black_1x1_EXR_Texture.uasset" 397
"../../../Engine/Content/Functions/Engine_MaterialFunctions02/PivotPainter2/Black_1x1_EXR_Texture.uexp" 398
"../../../Engine/Content/EngineMaterials/BaseFlattenEmissiveMap.uasset" 399
"../../../Engine/Content/EngineMaterials/BaseFlattenEmissiveMap.uexp" 400
"../../../Engine/Content/EngineMaterials/BaseFlattenLinearColor.uasset" 401
"../../../Engine/Content/EngineMaterials/BaseFlattenLinearColor.uexp" 402
"../../../Engine/Content/EngineMaterials/FlattenMaterial.uasset" 403
"../../../Engine/Content/EngineMaterials/FlattenMaterial.uexp" 404
"../../../Engine/Content/EngineMaterials/DefaultWhiteGrid_Low.uasset" 405
"../../../Engine/Content/EngineMaterials/DefaultWhiteGrid_Low.uexp" 406
"../../../Engine/Content/EngineMaterials/EmissiveMeshMaterial.uasset" 407
"../../../Engine/Content/EngineMaterials/EmissiveMeshMaterial.uexp" 408
"../../../Engine/Content/EngineFonts/RobotoDistanceField.uasset" 409
"../../../Engine/Content/EngineFonts/RobotoDistanceField.uexp" 410
"../../../Engine/Content/EngineMaterials/DefaultTextMaterialOpaque.uasset" 411
"../../../Engine/Content/EngineMaterials/DefaultTextMaterialOpaque.uexp" 412
"../../../Engine/Content/EngineMaterials/DefaultDiffuse.ubulk" 413
"../../../Engine/Content/EngineMaterials/DefaultDiffuse.uasset" 414
"../../../Engine/Content/EngineMaterials/DefaultDiffuse.uexp" 415
"../../../Engine/Content/Functions/Engine_MaterialFunctions02/Utility/BreakOutFloat2Components.uasset" 416
"../../../Engine/Content/Functions/Engine_MaterialFunctions02/Utility/BreakOutFloat2Components.uexp" 417
"../../../Engine/Content/EngineMaterials/DefaultPostProcessMaterial.uasset" 418
"../../../Engine/Content/EngineMaterials/DefaultPostProcessMaterial.uexp" 419
"../../../Engine/Content/EngineMaterials/DefaultPhysicalMaterial.uasset" 420
"../../../Engine/Content/EngineMaterials/DefaultPhysicalMaterial.uexp" 421
"../../../Engine/Content/EngineMaterials/DefaultLightFunctionMaterial.uasset" 422
"../../../Engine/Content/EngineMaterials/DefaultLightFunctionMaterial.uexp" 423
"../../../Engine/Content/EngineMaterials/DefaultDestructiblePhysicalMaterial.uasset" 424
"../../../Engine/Content/EngineMaterials/DefaultDestructiblePhysicalMaterial.uexp" 425
"../../../Engine/Content/EngineMaterials/DefaultDeferredDecalMaterial.uasset" 426
"../../../Engine/Content/EngineMaterials/DefaultDeferredDecalMaterial.uexp" 427
"../../../Engine/Content/EngineMaterials/DefaultBloomKernel.uasset" 428
"../../../Engine/Content/EngineMaterials/DefaultBloomKernel.uexp" 429
"../../../Engine/Content/EngineFonts/Faces/RobotoLight.uexp" 430
"../../../Engine/Content/EngineFonts/Faces/RobotoLight.uasset" 431
"../../../Engine/Content/EngineFonts/Faces/RobotoLight.ufont" 432
"../../../Engine/Content/EngineFonts/Faces/RobotoBold.uexp" 433
"../../../Engine/Content/EngineFonts/Faces/RobotoBold.uasset" 434
"../../../Engine/Content/EngineFonts/Faces/RobotoBold.ufont" 435
"../../../Engine/Content/EngineFonts/Faces/RobotoRegular.uexp" 436
"../../../Engine/Content/EngineFonts/Faces/RobotoRegular.uasset" 437
"../../../Engine/Content/EngineFonts/Faces/RobotoRegular.ufont" 438
"../../../Engine/Content/EngineFonts/Faces/DroidSansFallback.uexp" 439
"../../../Engine/Content/EngineFonts/Faces/DroidSansFallback.uasset" 440
"../../../Engine/Content/EngineFonts/Faces/DroidSansFallback.ufont" 441
"../../../Engine/Content/EngineFonts/Faces/RobotoItalic.uexp" 442
"../../../Engine/Content/EngineFonts/Faces/RobotoItalic.uasset" 443
"../../../Engine/Content/EngineFonts/Faces/RobotoItalic.ufont" 444
"../../../Engine/Content/EngineFonts/Faces/RobotoBoldItalic.uexp" 445
"../../../Engine/Content/EngineFonts/Faces/RobotoBoldItalic.uasset" 446
"../../../Engine/Content/EngineFonts/Faces/RobotoBoldItalic.ufont" 447
"../../../Engine/Content/EngineFonts/Roboto.uasset" 448
"../../../Engine/Content/EngineFonts/Roboto.uexp" 449
"../../../Engine/Content/Functions/Engine_MaterialFunctions02/Utility/CameraDirectionVector.uasset" 450
"../../../Engine/Content/Functions/Engine_MaterialFunctions02/Utility/CameraDirectionVector.uexp" 451
"../../../Engine/Content/EngineDebugMaterials/VolumeToRender.uasset" 452
"../../../Engine/Content/EngineDebugMaterials/VolumeToRender.uexp" 453
"../../../Engine/Content/EngineDebugMaterials/M_VolumeRenderSphereTracePP.uasset" 454
"../../../Engine/Content/EngineDebugMaterials/M_VolumeRenderSphereTracePP.uexp" 455
"../../../Engine/Content/EngineDebugMaterials/M_SimpleUnlitTranslucent.uasset" 456
"../../../Engine/Content/EngineDebugMaterials/M_SimpleUnlitTranslucent.uexp" 457
"../../../Engine/Content/EngineDebugMaterials/DebugMeshMaterial.uasset" 458
"../../../Engine/Content/EngineDebugMaterials/DebugMeshMaterial.uexp" 459
"../../../Engine/Content/EngineDebugMaterials/DebugEditorMaterial.uasset" 460
"../../../Engine/Content/EngineDebugMaterials/DebugEditorMaterial.uexp" 461
"../../../Engine/Content/EngineDamageTypes/DmgTypeBP_Environmental.uasset" 462
"../../../Engine/Content/EngineDamageTypes/DmgTypeBP_Environmental.uexp" 463
"../../../Engine/Content/EditorResources/S_Terrain.ubulk" 464
"../../../Engine/Content/EditorResources/S_Terrain.uasset" 465
"../../../Engine/Content/EditorResources/S_Terrain.uexp" 466
"../../../Engine/Content/EditorResources/EmptyActor.uasset" 467
"../../../Engine/Content/EditorResources/EmptyActor.uexp" 468
"../../../Engine/Content/EditorResources/BSPVertex.uasset" 469
"../../../Engine/Content/EditorResources/BSPVertex.uexp" 470
"../../../Engine/Content/EditorResources/BadBlueprintSprite.ubulk" 471
"../../../Engine/Content/EditorResources/BadBlueprintSprite.uasset" 472
"../../../Engine/Content/EditorResources/BadBlueprintSprite.uexp" 473
"../../../Engine/Content/EditorMaterials/WidgetVertexColorMaterial.uasset" 474
"../../../Engine/Content/EditorMaterials/WidgetVertexColorMaterial.uexp" 475
"../../../Engine/Content/EditorMaterials/PreviewShadowIndicator.ubulk" 476
"../../../Engine/Content/EditorMaterials/PreviewShadowIndicator.uasset" 477
"../../../Engine/Content/EditorMaterials/PreviewShadowIndicator.uexp" 478
"../../../Engine/Content/EditorMaterials/PreviewShadowIndicatorMaterial.uasset" 479
"../../../Engine/Content/EditorMaterials/PreviewShadowIndicatorMaterial.uexp" 480
"../../../Engine/Content/EditorMaterials/PhAT_UnselectedMaterial.uasset" 481
"../../../Engine/Content/EditorMaterials/PhAT_UnselectedMaterial.uexp" 482
"../../../Engine/Content/EditorMaterials/PhAT_NoCollisionMaterial.uasset" 483
"../../../Engine/Content/EditorMaterials/PhAT_NoCollisionMaterial.uexp" 484
"../../../Engine/Content/EditorLandscapeResources/DefaultAlphaTexture.uasset" 485
"../../../Engine/Content/EditorLandscapeResources/DefaultAlphaTexture.uexp" 486
"../../../Engine/Content/EditorLandscapeResources/DataLayer.uasset" 487
"../../../Engine/Content/EditorLandscapeResources/DataLayer.uexp" 488
"../../../Engine/Content/BasicShapes/Sphere.uasset" 489
"../../../Engine/Content/BasicShapes/Sphere.uexp" 490
"../../../Engine/Content/BasicShapes/Plane.uasset" 491
"../../../Engine/Content/BasicShapes/Plane.uexp" 492
"../../../Engine/Content/BasicShapes/Cylinder.uasset" 493
"../../../Engine/Content/BasicShapes/Cylinder.uexp" 494
"../../../Engine/Content/BasicShapes/Cube.uasset" 495
"../../../Engine/Content/BasicShapes/Cube.uexp" 496
"../../../Engine/Content/BasicShapes/Cone.uasset" 497
"../../../Engine/Content/BasicShapes/Cone.uexp" 498
"../../../Engine/Content/EditorMaterials/Cloth/CameraLitDoubleSided.uasset" 499
"../../../Engine/Content/EditorMaterials/Cloth/CameraLitDoubleSided.uexp" 500
"../../../Engine/Content/EditorResources/SequenceRecorder/RecordingIndicator.uasset" 501
"../../../Engine/Content/EditorResources/SequenceRecorder/RecordingIndicator.uexp" 502
"../../../Engine/Content/EditorResources/SequenceRecorder/Countdown.uasset" 503
"../../../Engine/Content/EditorResources/SequenceRecorder/Countdown.uexp" 504
"../../../Engine/Content/EditorResources/LightIcons/S_LightError.uasset" 505
"../../../Engine/Content/EditorResources/LightIcons/S_LightError.uexp" 506
"../../../Engine/Content/MobileResources/HUD/VirtualJoystick_Background.uasset" 507
"../../../Engine/Content/MobileResources/HUD/VirtualJoystick_Background.uexp" 508
"../../../Engine/Content/MobileResources/HUD/VirtualJoystick_Thumb.uasset" 509
"../../../Engine/Content/MobileResources/HUD/VirtualJoystick_Thumb.uexp" 510
"../../../Engine/Content/MobileResources/HUD/DefaultVirtualJoysticks.uasset" 511
"../../../Engine/Content/MobileResources/HUD/DefaultVirtualJoysticks.uexp" 512
"../../../Engine/Content/EngineFonts/Faces/DroidSansMono.uexp" 513
"../../../Engine/Content/EngineFonts/Faces/DroidSansMono.uasset" 514
"../../../Engine/Content/EngineFonts/Faces/DroidSansMono.ufont" 515
"../../../Engine/Content/EngineFonts/DroidSansMono.uasset" 516
"../../../Engine/Content/EngineFonts/DroidSansMono.uexp" 517
"C:/Users/hahaha/Desktop/shubhrik/Satellite_UE/Satellite/Content/RaP_Satellite/UI/UMG_Orbit_Select.uasset" 518
"C:/Users/hahaha/Desktop/shubhrik/Satellite_UE/Satellite/Content/RaP_Satellite/UI/UMG_Orbit_Select.uexp" 519
"C:/Users/hahaha/Desktop/shubhrik/Satellite_UE/Satellite/Content/RaP_Satellite/Texures/T_SciFi_Satellite_OcclusionRoughnessMetallic.ubulk" 520
"C:/Users/hahaha/Desktop/shubhrik/Satellite_UE/Satellite/Content/RaP_Satellite/Texures/T_SciFi_Satellite_OcclusionRoughnessMetallic.uasset" 521
"C:/Users/hahaha/Desktop/shubhrik/Satellite_UE/Satellite/Content/RaP_Satellite/Texures/T_SciFi_Satellite_OcclusionRoughnessMetallic.uexp" 522
"C:/Users/hahaha/Desktop/shubhrik/Satellite_UE/Satellite/Content/RaP_Satellite/Texures/T_SciFi_Satellite_Normal.ubulk" 523
"C:/Users/hahaha/Desktop/shubhrik/Satellite_UE/Satellite/Content/RaP_Satellite/Texures/T_SciFi_Satellite_Normal.uasset" 524
"C:/Users/hahaha/Desktop/shubhrik/Satellite_UE/Satellite/Content/RaP_Satellite/Texures/T_SciFi_Satellite_Normal.uexp" 525
"C:/Users/hahaha/Desktop/shubhrik/Satellite_UE/Satellite/Content/RaP_Satellite/Texures/T_SciFi_Satellite_BaseColor.ubulk" 526
"C:/Users/hahaha/Desktop/shubhrik/Satellite_UE/Satellite/Content/RaP_Satellite/Texures/T_SciFi_Satellite_BaseColor.uasset" 527
"C:/Users/hahaha/Desktop/shubhrik/Satellite_UE/Satellite/Content/RaP_Satellite/Texures/T_SciFi_Satellite_BaseColor.uexp" 528
"C:/Users/hahaha/Desktop/shubhrik/Satellite_UE/Satellite/Content/RaP_Satellite/Materials/M_SCI_FI_Satellite.uasset" 529
"C:/Users/hahaha/Desktop/shubhrik/Satellite_UE/Satellite/Content/RaP_Satellite/Materials/M_SCI_FI_Satellite.uexp" 530
"C:/Users/hahaha/Desktop/shubhrik/Satellite_UE/Satellite/Content/RaP_Satellite/Meshes/SM_Satellite_Packed.uasset" 531
"C:/Users/hahaha/Desktop/shubhrik/Satellite_UE/Satellite/Content/RaP_Satellite/Meshes/SM_Satellite_Packed.uexp" 532
"C:/Users/hahaha/Desktop/shubhrik/Satellite_UE/Satellite/Content/RaP_Satellite/Meshes/SM_Satellite_Deployed.uasset" 533
"C:/Users/hahaha/Desktop/shubhrik/Satellite_UE/Satellite/Content/RaP_Satellite/Meshes/SM_Satellite_Deployed.uexp" 534
"C:/Users/hahaha/Desktop/shubhrik/Satellite_UE/Satellite/Content/RaP_Satellite/Materials/Satellite_panel2.uasset" 535
"C:/Users/hahaha/Desktop/shubhrik/Satellite_UE/Satellite/Content/RaP_Satellite/Materials/Satellite_panel2.uexp" 536
"C:/Users/hahaha/Desktop/shubhrik/Satellite_UE/Satellite/Content/RaP_Satellite/Materials/Panel_6.uasset" 537
"C:/Users/hahaha/Desktop/shubhrik/Satellite_UE/Satellite/Content/RaP_Satellite/Materials/Panel_6.uexp" 538
"C:/Users/hahaha/Desktop/shubhrik/Satellite_UE/Satellite/Content/RaP_Satellite/Materials/Panel_5.uasset" 539
"C:/Users/hahaha/Desktop/shubhrik/Satellite_UE/Satellite/Content/RaP_Satellite/Materials/Panel_5.uexp" 540
"C:/Users/hahaha/Desktop/shubhrik/Satellite_UE/Satellite/Content/RaP_Satellite/Materials/Panel3.uasset" 541
"C:/Users/hahaha/Desktop/shubhrik/Satellite_UE/Satellite/Content/RaP_Satellite/Materials/Panel3.uexp" 542
"C:/Users/hahaha/Desktop/shubhrik/Satellite_UE/Satellite/Content/RaP_Satellite/Texures/Celestial_bodies/4k/T_Sun_NRM_4k.ubulk" 543
"C:/Users/hahaha/Desktop/shubhrik/Satellite_UE/Satellite/Content/RaP_Satellite/Texures/Celestial_bodies/4k/T_Sun_NRM_4k.uasset" 544
"C:/Users/hahaha/Desktop/shubhrik/Satellite_UE/Satellite/Content/RaP_Satellite/Texures/Celestial_bodies/4k/T_Sun_NRM_4k.uexp" 545
"C:/Users/hahaha/Desktop/shubhrik/Satellite_UE/Satellite/Content/RaP_Satellite/Texures/Celestial_bodies/4k/T_Sun_4k.ubulk" 546
"C:/Users/hahaha/Desktop/shubhrik/Satellite_UE/Satellite/Content/RaP_Satellite/Texures/Celestial_bodies/4k/T_Sun_4k.uasset" 547
"C:/Users/hahaha/Desktop/shubhrik/Satellite_UE/Satellite/Content/RaP_Satellite/Texures/Celestial_bodies/4k/T_Sun_4k.uexp" 548
"../../../Engine/Content/Functions/Engine_MaterialFunctions01/Texturing/FlattenNormal.uasset" 549
"../../../Engine/Content/Functions/Engine_MaterialFunctions01/Texturing/FlattenNormal.uexp" 550
"C:/Users/hahaha/Desktop/shubhrik/Satellite_UE/Satellite/Content/RaP_Satellite/Texures/Celestial_bodies/4k/T_Earth_Cities_4k.ubulk" 551
"C:/Users/hahaha/Desktop/shubhrik/Satellite_UE/Satellite/Content/RaP_Satellite/Texures/Celestial_bodies/4k/T_Earth_Cities_4k.uasset" 552
"C:/Users/hahaha/Desktop/shubhrik/Satellite_UE/Satellite/Content/RaP_Satellite/Texures/Celestial_bodies/4k/T_Earth_Cities_4k.uexp" 553
"C:/Users/hahaha/Desktop/shubhrik/Satellite_UE/Satellite/Content/RaP_Satellite/Texures/Celestial_bodies/4k/T_Earth_daymap_4k.uasset" 554
"C:/Users/hahaha/Desktop/shubhrik/Satellite_UE/Satellite/Content/RaP_Satellite/Texures/Celestial_bodies/4k/T_Earth_daymap_4k.uexp" 555
"C:/Users/hahaha/Desktop/shubhrik/Satellite_UE/Satellite/Content/RaP_Satellite/Texures/Celestial_bodies/4k/T_Earth_clouds_4k.ubulk" 556
"C:/Users/hahaha/Desktop/shubhrik/Satellite_UE/Satellite/Content/RaP_Satellite/Texures/Celestial_bodies/4k/T_Earth_clouds_4k.uasset" 557
"C:/Users/hahaha/Desktop/shubhrik/Satellite_UE/Satellite/Content/RaP_Satellite/Texures/Celestial_bodies/4k/T_Earth_clouds_4k.uexp" 558
"../../../Engine/Content/Functions/Engine_MaterialFunctions01/Gradient/LinearGradient.uasset" 559
"../../../Engine/Content/Functions/Engine_MaterialFunctions01/Gradient/LinearGradient.uexp" 560
"C:/Users/hahaha/Desktop/shubhrik/Satellite_UE/Satellite/Content/RaP_Satellite/Texures/Celestial_bodies/4k/T_Earth_Clouds_4k_NRM.ubulk" 561
"C:/Users/hahaha/Desktop/shubhrik/Satellite_UE/Satellite/Content/RaP_Satellite/Texures/Celestial_bodies/4k/T_Earth_Clouds_4k_NRM.uasset" 562
"C:/Users/hahaha/Desktop/shubhrik/Satellite_UE/Satellite/Content/RaP_Satellite/Texures/Celestial_bodies/4k/T_Earth_Clouds_4k_NRM.uexp" 563
"C:/Users/hahaha/Desktop/shubhrik/Satellite_UE/Satellite/Content/RaP_Satellite/Texures/Celestial_bodies/4k/T_Earth_NRM_4k.ubulk" 564
"C:/Users/hahaha/Desktop/shubhrik/Satellite_UE/Satellite/Content/RaP_Satellite/Texures/Celestial_bodies/4k/T_Earth_NRM_4k.uasset" 565
"C:/Users/hahaha/Desktop/shubhrik/Satellite_UE/Satellite/Content/RaP_Satellite/Texures/Celestial_bodies/4k/T_Earth_NRM_4k.uexp" 566
"../../../Engine/Content/Functions/Engine_MaterialFunctions01/ImageAdjustment/CheapContrast.uasset" 567
"../../../Engine/Content/Functions/Engine_MaterialFunctions01/ImageAdjustment/CheapContrast.uexp" 568
"C:/Users/hahaha/Desktop/shubhrik/Satellite_UE/Satellite/Content/RaP_Satellite/Texures/Celestial_bodies/4k/T_Earth_specular_map_4k.ubulk" 569
"C:/Users/hahaha/Desktop/shubhrik/Satellite_UE/Satellite/Content/RaP_Satellite/Texures/Celestial_bodies/4k/T_Earth_specular_map_4k.uasset" 570
"C:/Users/hahaha/Desktop/shubhrik/Satellite_UE/Satellite/Content/RaP_Satellite/Texures/Celestial_bodies/4k/T_Earth_specular_map_4k.uexp" 571
"C:/Users/hahaha/Desktop/shubhrik/Satellite_UE/Satellite/Content/RaP_Satellite/Texures/Celestial_bodies/4k/T_Earth_nightmap_4k.ubulk" 572
"C:/Users/hahaha/Desktop/shubhrik/Satellite_UE/Satellite/Content/RaP_Satellite/Texures/Celestial_bodies/4k/T_Earth_nightmap_4k.uasset" 573
"C:/Users/hahaha/Desktop/shubhrik/Satellite_UE/Satellite/Content/RaP_Satellite/Texures/Celestial_bodies/4k/T_Earth_nightmap_4k.uexp" 574
"C:/Users/hahaha/Desktop/shubhrik/Satellite_UE/Satellite/Content/RaP_Satellite/Materials/M_Celestial_Body_Master.uasset" 575
"C:/Users/hahaha/Desktop/shubhrik/Satellite_UE/Satellite/Content/RaP_Satellite/Materials/M_Celestial_Body_Master.uexp" 576
"C:/Users/hahaha/Desktop/shubhrik/Satellite_UE/Satellite/Content/RaP_Satellite/Materials/MI_Sun.uasset" 577
"C:/Users/hahaha/Desktop/shubhrik/Satellite_UE/Satellite/Content/RaP_Satellite/Materials/MI_Sun.uexp" 578
"C:/Users/hahaha/Desktop/shubhrik/Satellite_UE/Satellite/Content/RaP_Satellite/Texures/Celestial_bodies/T_SCI_FI_Stars.uasset" 579
"C:/Users/hahaha/Desktop/shubhrik/Satellite_UE/Satellite/Content/RaP_Satellite/Texures/Celestial_bodies/T_SCI_FI_Stars.uexp" 580
"../../../Engine/Content/Functions/Engine_MaterialFunctions02/3PointLevels.uasset" 581
"../../../Engine/Content/Functions/Engine_MaterialFunctions02/3PointLevels.uexp" 582
"C:/Users/hahaha/Desktop/shubhrik/Satellite_UE/Satellite/Content/RaP_Satellite/Materials/M_SkyBox.uasset" 583
"C:/Users/hahaha/Desktop/shubhrik/Satellite_UE/Satellite/Content/RaP_Satellite/Materials/M_SkyBox.uexp" 584
"C:/Users/hahaha/Desktop/shubhrik/Satellite_UE/Satellite/Content/RaP_Satellite/Materials/MI_SkyBox_Stars.uasset" 585
"C:/Users/hahaha/Desktop/shubhrik/Satellite_UE/Satellite/Content/RaP_Satellite/Materials/MI_SkyBox_Stars.uexp" 586
"C:/Users/hahaha/Desktop/shubhrik/Satellite_UE/Satellite/Content/RaP_Satellite/Texures/Celestial_bodies/T_SCI_FI_Nebula.uasset" 587
"C:/Users/hahaha/Desktop/shubhrik/Satellite_UE/Satellite/Content/RaP_Satellite/Texures/Celestial_bodies/T_SCI_FI_Nebula.uexp" 588
"C:/Users/hahaha/Desktop/shubhrik/Satellite_UE/Satellite/Content/RaP_Satellite/Materials/MI_SkyBox_Nebula.uasset" 589
"C:/Users/hahaha/Desktop/shubhrik/Satellite_UE/Satellite/Content/RaP_Satellite/Materials/MI_SkyBox_Nebula.uexp" 590
"C:/Users/hahaha/Desktop/shubhrik/Satellite_UE/Satellite/Content/RaP_Satellite/Texures/Celestial_bodies/4k/T_Moon_4k.ubulk" 591
"C:/Users/hahaha/Desktop/shubhrik/Satellite_UE/Satellite/Content/RaP_Satellite/Texures/Celestial_bodies/4k/T_Moon_4k.uasset" 592
"C:/Users/hahaha/Desktop/shubhrik/Satellite_UE/Satellite/Content/RaP_Satellite/Texures/Celestial_bodies/4k/T_Moon_4k.uexp" 593
"C:/Users/hahaha/Desktop/shubhrik/Satellite_UE/Satellite/Content/RaP_Satellite/Texures/Celestial_bodies/4k/T_Moon_4k_NRM.ubulk" 594
"C:/Users/hahaha/Desktop/shubhrik/Satellite_UE/Satellite/Content/RaP_Satellite/Texures/Celestial_bodies/4k/T_Moon_4k_NRM.uasset" 595
"C:/Users/hahaha/Desktop/shubhrik/Satellite_UE/Satellite/Content/RaP_Satellite/Texures/Celestial_bodies/4k/T_Moon_4k_NRM.uexp" 596
"C:/Users/hahaha/Desktop/shubhrik/Satellite_UE/Satellite/Content/RaP_Satellite/Materials/MI_Moon.uasset" 597
"C:/Users/hahaha/Desktop/shubhrik/Satellite_UE/Satellite/Content/RaP_Satellite/Materials/MI_Moon.uexp" 598
"C:/Users/hahaha/Desktop/shubhrik/Satellite_UE/Satellite/Content/RaP_Satellite/Maps/Tether_Earth_T1_HLODLayer_Merged.uasset" 599
"C:/Users/hahaha/Desktop/shubhrik/Satellite_UE/Satellite/Content/RaP_Satellite/Maps/Tether_Earth_T1_HLODLayer_Merged.uexp" 600
"C:/Users/hahaha/Desktop/shubhrik/Satellite_UE/Satellite/Content/RaP_Satellite/Blueprint/Zenit-2Rocket_1OBJ.uasset" 601
"C:/Users/hahaha/Desktop/shubhrik/Satellite_UE/Satellite/Content/RaP_Satellite/Blueprint/Zenit-2Rocket_1OBJ.uexp" 602
"../../../Engine/Content/EngineSky/T_Sky_Stars.ubulk" 603
"../../../Engine/Content/EngineSky/T_Sky_Stars.uasset" 604
"../../../Engine/Content/EngineSky/T_Sky_Stars.uexp" 605
"../../../Engine/Content/EngineSky/T_Sky_Clouds_M.ubulk" 606
"../../../Engine/Content/EngineSky/T_Sky_Clouds_M.uasset" 607
"../../../Engine/Content/EngineSky/T_Sky_Clouds_M.uexp" 608
"../../../Engine/Content/EngineSky/T_Sky_Blue.ubulk" 609
"../../../Engine/Content/EngineSky/T_Sky_Blue.uasset" 610
"../../../Engine/Content/EngineSky/T_Sky_Blue.uexp" 611
"../../../Engine/Content/EngineSky/M_Sky_Panning_Clouds2.uasset" 612
"../../../Engine/Content/EngineSky/M_Sky_Panning_Clouds2.uexp" 613
"../../../Engine/Content/EngineSky/SM_SkySphere.uasset" 614
"../../../Engine/Content/EngineSky/SM_SkySphere.uexp" 615
"../../../Engine/Content/EngineVolumetrics/Fogsheet/Materials/T_EV_FogSheet_Falloff_01.ubulk" 616
"../../../Engine/Content/EngineVolumetrics/Fogsheet/Materials/T_EV_FogSheet_Falloff_01.uasset" 617
"../../../Engine/Content/EngineVolumetrics/Fogsheet/Materials/T_EV_FogSheet_Falloff_01.uexp" 618
"../../../Engine/Content/EngineVolumetrics/Fogsheet/Materials/T_EV_FogSheet_CloudTex_02.ubulk" 619
"../../../Engine/Content/EngineVolumetrics/Fogsheet/Materials/T_EV_FogSheet_CloudTex_02.uasset" 620
"../../../Engine/Content/EngineVolumetrics/Fogsheet/Materials/T_EV_FogSheet_CloudTex_02.uexp" 621
"../../../Engine/Content/EngineVolumetrics/Fogsheet/T_EV_Fogsheet_FlareColors_01.ubulk" 622
"../../../Engine/Content/EngineVolumetrics/Fogsheet/T_EV_Fogsheet_FlareColors_01.uasset" 623
"../../../Engine/Content/EngineVolumetrics/Fogsheet/T_EV_Fogsheet_FlareColors_01.uexp" 624
"../../../Engine/Content/EngineVolumetrics/Fogsheet/Materials/M_EV_FogSheet_Master_01.uasset" 625
"../../../Engine/Content/EngineVolumetrics/Fogsheet/Materials/M_EV_FogSheet_Master_01.uexp" 626
"../../../Engine/Content/EngineVolumetrics/Fogsheet/Mesh/MI_Fogsheet_HideClose.uasset" 627
"../../../Engine/Content/EngineVolumetrics/Fogsheet/Mesh/MI_Fogsheet_HideClose.uexp" 628
"C:/Users/hahaha/Desktop/shubhrik/Satellite_UE/Satellite/Content/RaP_Satellite/Blueprint/BP_SkyBox_Nebula.uasset" 629
"C:/Users/hahaha/Desktop/shubhrik/Satellite_UE/Satellite/Content/RaP_Satellite/Blueprint/BP_SkyBox_Nebula.uexp" 630
"C:/Users/hahaha/Desktop/shubhrik/Satellite_UE/Satellite/Content/RaP_Satellite/UI/UMG_SatelliteControls.uasset" 631
"C:/Users/hahaha/Desktop/shubhrik/Satellite_UE/Satellite/Content/RaP_Satellite/UI/UMG_SatelliteControls.uexp" 632
"C:/Users/hahaha/Desktop/shubhrik/Satellite_UE/Satellite/Content/RaP_Satellite/Meshes/SK_Satellite_Skeleton.uasset" 633
"C:/Users/hahaha/Desktop/shubhrik/Satellite_UE/Satellite/Content/RaP_Satellite/Meshes/SK_Satellite_Skeleton.uexp" 634
"C:/Users/hahaha/Desktop/shubhrik/Satellite_UE/Satellite/Content/RaP_Satellite/Animation/SK_Satellite_Pack_Anim.uasset" 635
"C:/Users/hahaha/Desktop/shubhrik/Satellite_UE/Satellite/Content/RaP_Satellite/Animation/SK_Satellite_Pack_Anim.uexp" 636
"C:/Users/hahaha/Desktop/shubhrik/Satellite_UE/Satellite/Content/RaP_Satellite/Meshes/SK_Satellite.uasset" 637
"C:/Users/hahaha/Desktop/shubhrik/Satellite_UE/Satellite/Content/RaP_Satellite/Meshes/SK_Satellite.uexp" 638
"C:/Users/hahaha/Desktop/shubhrik/Satellite_UE/Satellite/Content/RaP_Satellite/Blueprint/BP_Satellite.uasset" 639
"C:/Users/hahaha/Desktop/shubhrik/Satellite_UE/Satellite/Content/RaP_Satellite/Blueprint/BP_Satellite.uexp" 640
"C:/Users/hahaha/Desktop/shubhrik/Satellite_UE/Satellite/Content/RaP_Satellite/Materials/MI_Earth.uasset" 641
"C:/Users/hahaha/Desktop/shubhrik/Satellite_UE/Satellite/Content/RaP_Satellite/Materials/MI_Earth.uexp" 642
"C:/Users/hahaha/Desktop/shubhrik/Satellite_UE/Satellite/Content/RaP_Satellite/Meshes/SM_Celestial_body.uasset" 643
"C:/Users/hahaha/Desktop/shubhrik/Satellite_UE/Satellite/Content/RaP_Satellite/Meshes/SM_Celestial_body.uexp" 644
"C:/Users/hahaha/Desktop/shubhrik/Satellite_UE/Satellite/Content/RaP_Satellite/Blueprint/BPA_Planet.uasset" 645
"C:/Users/hahaha/Desktop/shubhrik/Satellite_UE/Satellite/Content/RaP_Satellite/Blueprint/BPA_Planet.uexp" 646
"C:/Users/hahaha/Desktop/shubhrik/Satellite_UE/Satellite/Content/RaP_Satellite/Animation/SK_Satellite_Deploy_Anim.uasset" 647
"C:/Users/hahaha/Desktop/shubhrik/Satellite_UE/Satellite/Content/RaP_Satellite/Animation/SK_Satellite_Deploy_Anim.uexp" 648
"../../../Engine/Content/EngineSky/VolumetricClouds/CloudWeatherTexture.uasset" 649
"../../../Engine/Content/EngineSky/VolumetricClouds/CloudWeatherTexture.uexp" 650
"../../../Engine/Content/Functions/Engine_MaterialFunctions02/Utility/MakeFloat2.uasset" 651
"../../../Engine/Content/Functions/Engine_MaterialFunctions02/Utility/MakeFloat2.uexp" 652
"../../../Engine/Content/EngineSky/VolumetricClouds/CloudGradientTexture.uasset" 653
"../../../Engine/Content/EngineSky/VolumetricClouds/CloudGradientTexture.uexp" 654
"../../../Engine/Content/EngineSky/VolumetricClouds/T_NoiseShape64.ubulk" 655
"../../../Engine/Content/EngineSky/VolumetricClouds/T_NoiseShape64.uasset" 656
"../../../Engine/Content/EngineSky/VolumetricClouds/T_NoiseShape64.uexp" 657
"../../../Engine/Content/EngineSky/VolumetricClouds/T_VolumeNoiseShape64.uasset" 658
"../../../Engine/Content/EngineSky/VolumetricClouds/T_VolumeNoiseShape64.uexp" 659
"../../../Engine/Content/EngineSky/VolumetricClouds/T_NoiseErosion.ubulk" 660
"../../../Engine/Content/EngineSky/VolumetricClouds/T_NoiseErosion.uasset" 661
"../../../Engine/Content/EngineSky/VolumetricClouds/T_NoiseErosion.uexp" 662
"../../../Engine/Content/EngineSky/VolumetricClouds/T_VolumeNoiseErosion32.uasset" 663
"../../../Engine/Content/EngineSky/VolumetricClouds/T_VolumeNoiseErosion32.uexp" 664
"../../../Engine/Content/EngineSky/VolumetricClouds/m_SimpleVolumetricCloud.uasset" 665
"../../../Engine/Content/EngineSky/VolumetricClouds/m_SimpleVolumetricCloud.uexp" 666
"../../../Engine/Content/EngineSky/VolumetricClouds/m_SimpleVolumetricCloud_Inst.uasset" 667
"../../../Engine/Content/EngineSky/VolumetricClouds/m_SimpleVolumetricCloud_Inst.uexp" 668
"../../../Engine/Content/EngineResources/FilmGrains/Marcie_Grain_v3_128_M2_000.uasset" 669
"../../../Engine/Content/EngineResources/FilmGrains/Marcie_Grain_v3_128_M2_000.uexp" 670
"C:/Users/hahaha/Desktop/shubhrik/Satellite_UE/Satellite/Content/RaP_Satellite/UI/Fonts/Roboto-Black_Font.uasset" 671
"C:/Users/hahaha/Desktop/shubhrik/Satellite_UE/Satellite/Content/RaP_Satellite/UI/Fonts/Roboto-Black_Font.uexp" 672
"C:/Users/hahaha/Desktop/shubhrik/Satellite_UE/Satellite/Content/RaP_Satellite/UI/Fonts/Roboto-Black.uexp" 673
"C:/Users/hahaha/Desktop/shubhrik/Satellite_UE/Satellite/Content/RaP_Satellite/UI/Fonts/Roboto-Black.uasset" 674
"C:/Users/hahaha/Desktop/shubhrik/Satellite_UE/Satellite/Content/RaP_Satellite/UI/Fonts/Roboto-Black.ufont" 675
"../../../Engine/Content/Functions/Engine_MaterialFunctions01/Shading/PowerToRoughness.uasset" 676
"../../../Engine/Content/Functions/Engine_MaterialFunctions01/Shading/PowerToRoughness.uexp" 677
"../../../Engine/Content/Functions/Engine_MaterialFunctions01/Shading/ConvertFromDiffSpec.uasset" 678
"../../../Engine/Content/Functions/Engine_MaterialFunctions01/Shading/ConvertFromDiffSpec.uexp" 679
"../../../Engine/Content/Maps/Entry_BuiltData.uasset" 680
"../../../Engine/Content/Maps/Entry_BuiltData.uexp" 681
"../../../Engine/Content/Maps/Entry.uexp" 682
"../../../Engine/Content/Maps/Entry.umap" 683
"C:/Users/hahaha/Desktop/shubhrik/Satellite_UE/Satellite/Content/RaP_Satellite/Maps/Tether_Earth_T1_HLODLayer_Instanced.uasset" 684
"C:/Users/hahaha/Desktop/shubhrik/Satellite_UE/Satellite/Content/RaP_Satellite/Maps/Tether_Earth_T1_HLODLayer_Instanced.uexp" 685
"C:/Users/hahaha/Desktop/shubhrik/Satellite_UE/Satellite/Content/RaP_Satellite/Maps/Tether_Earth_T1.uexp" 686
"C:/Users/hahaha/Desktop/shubhrik/Satellite_UE/Satellite/Content/RaP_Satellite/Maps/Tether_Earth_T1.umap" 687
